<?xml version="1.0" encoding="UTF-8"?>
<!-- Generated by org.testng.reporters.JUnitReportReporter -->
<testsuite hostname="DESKTOP-MTTC497" failures="0" tests="1" name="testcases.TC_003_Send_invoice" time="10.015" errors="0" timestamp="2022-05-08T10:09:30 IST" skipped="0">
  <testcase classname="testcases.TC_003_Send_invoice" name="TC_001" time="10.015"/>
  <system-out/>
</testsuite> <!-- testcases.TC_003_Send_invoice -->
