<?xml version="1.0" encoding="UTF-8"?>
<!-- Generated by org.testng.reporters.JUnitReportReporter -->
<testsuite hostname="DESKTOP-MTTC497" failures="0" tests="1" name="testcases.TC_002_View_invoice" time="9.335" errors="0" timestamp="2022-05-08T10:06:57 IST" skipped="0">
  <testcase classname="testcases.TC_002_View_invoice" name="TC_001" time="9.335"/>
  <system-out/>
</testsuite> <!-- testcases.TC_002_View_invoice -->
