<?xml version="1.0" encoding="UTF-8"?>
<!-- Generated by org.testng.reporters.JUnitReportReporter -->
<testsuite hostname="DESKTOP-MTTC497" failures="0" tests="1" name="testcases.TC_001_Create_an_invoice" time="27.352" errors="0" timestamp="2022-05-08T09:59:53 IST" skipped="0">
  <testcase classname="testcases.TC_001_Create_an_invoice" name="TC_001" time="27.352"/>
  <system-out/>
</testsuite> <!-- testcases.TC_001_Create_an_invoice -->
