<?xml version="1.0" encoding="UTF-8"?>
<!-- Generated by org.testng.reporters.JUnitReportReporter -->
<testsuite hostname="DESKTOP-MTTC497" failures="0" tests="1" name="testcases.TC_004_Record_payment" time="19.190" errors="0" timestamp="2022-05-08T10:12:42 IST" skipped="0">
  <testcase classname="testcases.TC_004_Record_payment" name="TC_001" time="19.190"/>
  <system-out/>
</testsuite> <!-- testcases.TC_004_Record_payment -->
